<?xml version="1.0" encoding="UTF-8"?>
<testng-results ignored="0" total="1" passed="1" failed="0" skipped="0">
  <reporter-output>
  </reporter-output>
  <suite started-at="2024-11-28T12:33:58 IST" name="Default suite" finished-at="2024-11-28T12:34:25 IST" duration-ms="27540">
    <groups>
    </groups>
    <test started-at="2024-11-28T12:33:58 IST" name="Default test" finished-at="2024-11-28T12:34:25 IST" duration-ms="27540">
      <class name="com.crm.organisation.TC_Organizations_02_Test">
        <test-method is-config="true" signature="reportConfig()[pri:0, instance:com.crm.organisation.TC_Organizations_02_Test@1fa121e2]" started-at="2024-11-28T12:33:57 IST" name="reportConfig" finished-at="2024-11-28T12:33:58 IST" duration-ms="367" status="PASS">
          <reporter-output>
          </reporter-output>
        </test-method> <!-- reportConfig -->
        <test-method is-config="true" signature="launchBrowser(java.lang.String)[pri:0, instance:com.crm.organisation.TC_Organizations_02_Test@1fa121e2]" started-at="2024-11-28T12:33:58 IST" name="launchBrowser" finished-at="2024-11-28T12:34:05 IST" duration-ms="6964" status="PASS">
          <params>
            <param index="0">
              <value>
                <![CDATA[chrome]]>
              </value>
            </param>
          </params>
          <reporter-output>
          </reporter-output>
        </test-method> <!-- launchBrowser -->
        <test-method is-config="true" signature="login()[pri:0, instance:com.crm.organisation.TC_Organizations_02_Test@1fa121e2]" started-at="2024-11-28T12:34:05 IST" name="login" finished-at="2024-11-28T12:34:08 IST" duration-ms="3841" status="PASS">
          <reporter-output>
          </reporter-output>
        </test-method> <!-- login -->
        <test-method signature="createNewOrganizationWithDropDown()[pri:0, instance:com.crm.organisation.TC_Organizations_02_Test@1fa121e2]" started-at="2024-11-28T12:34:08 IST" name="createNewOrganizationWithDropDown" finished-at="2024-11-28T12:34:23 IST" duration-ms="14296" status="PASS">
          <reporter-output>
          </reporter-output>
        </test-method> <!-- createNewOrganizationWithDropDown -->
        <test-method is-config="true" signature="logout()[pri:0, instance:com.crm.organisation.TC_Organizations_02_Test@1fa121e2]" started-at="2024-11-28T12:34:23 IST" name="logout" finished-at="2024-11-28T12:34:25 IST" duration-ms="2003" status="PASS">
          <reporter-output>
          </reporter-output>
        </test-method> <!-- logout -->
        <test-method is-config="true" signature="closeBrowser()[pri:0, instance:com.crm.organisation.TC_Organizations_02_Test@1fa121e2]" started-at="2024-11-28T12:34:25 IST" name="closeBrowser" finished-at="2024-11-28T12:34:25 IST" duration-ms="386" status="PASS">
          <reporter-output>
          </reporter-output>
        </test-method> <!-- closeBrowser -->
        <test-method is-config="true" signature="reportBackUp()[pri:0, instance:com.crm.organisation.TC_Organizations_02_Test@1fa121e2]" started-at="2024-11-28T12:34:25 IST" name="reportBackUp" finished-at="2024-11-28T12:34:26 IST" duration-ms="1060" status="PASS">
          <reporter-output>
          </reporter-output>
        </test-method> <!-- reportBackUp -->
      </class> <!-- com.crm.organisation.TC_Organizations_02_Test -->
    </test> <!-- Default test -->
  </suite> <!-- Default suite -->
</testng-results>
