<?xml version="1.0" encoding="UTF-8"?>
<!-- Generated by org.testng.reporters.JUnitXMLReporter -->
<testsuite ignored="18" hostname="Kishan" failures="0" tests="10" name="Test" time="138.394" errors="0" timestamp="2024-12-06T00:58:03 IST">
  <testcase classname="com.crm.contacts.TC_Contacts_01_Test" name="createContact" time="49.97"/>
  <testcase classname="com.crm.contacts.TC_Contacts_02_Test" name="createNewAccountWithStringDetails" time="50.443"/>
  <testcase classname="com.crm.organisation.TC_Organizations_02_Test" name="createNewOrganizationWithDropDown" time="50.618"/>
  <testcase classname="com.crm.contacts.TC_Contacts_03_Test" name="createNewContactWithNumericData" time="50.783"/>
  <testcase classname="com.crm.organisation.TC_Organizations_01_Test" name="createOrganization" time="49.649"/>
  <testcase classname="com.crm.contacts.ClickOnContactLinkTest" name="clickonLink" time="12.656"/>
  <testcase classname="com.crm.organisation.ClickOnOrganizationLinkTest" name="clickOnOrganizationLink" time="17.592"/>
  <testcase classname="com.crm.contacts.TC_Contacts_05_Test" name="createNewContactWithDropDown" time="29.728"/>
  <testcase classname="com.crm.contacts.TC_Contacts_06_Test" name="createContactWithCheckBoxAndBirthdayDetails" time="28.342"/>
  <testcase classname="com.crm.contacts.TC_Contacts_04_Test" name="handleChildWindow" time="31.111"/>
  <testcase classname="com.crm.genericutility.BaseClass" name="@BeforeSuite reportConfig" time="0.0">
    <ignored/>
  </testcase> <!-- @BeforeSuite reportConfig -->
  <testcase classname="com.crm.genericutility.BaseClass" name="@AfterSuite reportBackUp" time="0.0">
    <ignored/>
  </testcase> <!-- @AfterSuite reportBackUp -->
  <testcase classname="com.crm.genericutility.BaseClass" name="@BeforeSuite reportConfig" time="0.0">
    <ignored/>
  </testcase> <!-- @BeforeSuite reportConfig -->
  <testcase classname="com.crm.genericutility.BaseClass" name="@BeforeSuite reportConfig" time="0.0">
    <ignored/>
  </testcase> <!-- @BeforeSuite reportConfig -->
  <testcase classname="com.crm.genericutility.BaseClass" name="@AfterSuite reportBackUp" time="0.0">
    <ignored/>
  </testcase> <!-- @AfterSuite reportBackUp -->
  <testcase classname="com.crm.genericutility.BaseClass" name="@BeforeSuite reportConfig" time="0.0">
    <ignored/>
  </testcase> <!-- @BeforeSuite reportConfig -->
  <testcase classname="com.crm.genericutility.BaseClass" name="@AfterSuite reportBackUp" time="0.0">
    <ignored/>
  </testcase> <!-- @AfterSuite reportBackUp -->
  <testcase classname="com.crm.genericutility.BaseClass" name="@AfterSuite reportBackUp" time="0.0">
    <ignored/>
  </testcase> <!-- @AfterSuite reportBackUp -->
  <testcase classname="com.crm.genericutility.BaseClass" name="@BeforeSuite reportConfig" time="0.0">
    <ignored/>
  </testcase> <!-- @BeforeSuite reportConfig -->
  <testcase classname="com.crm.genericutility.BaseClass" name="@BeforeSuite reportConfig" time="0.0">
    <ignored/>
  </testcase> <!-- @BeforeSuite reportConfig -->
  <testcase classname="com.crm.genericutility.BaseClass" name="@BeforeSuite reportConfig" time="0.0">
    <ignored/>
  </testcase> <!-- @BeforeSuite reportConfig -->
  <testcase classname="com.crm.genericutility.BaseClass" name="@AfterSuite reportBackUp" time="0.0">
    <ignored/>
  </testcase> <!-- @AfterSuite reportBackUp -->
  <testcase classname="com.crm.genericutility.BaseClass" name="@AfterSuite reportBackUp" time="0.0">
    <ignored/>
  </testcase> <!-- @AfterSuite reportBackUp -->
  <testcase classname="com.crm.genericutility.BaseClass" name="@AfterSuite reportBackUp" time="0.0">
    <ignored/>
  </testcase> <!-- @AfterSuite reportBackUp -->
  <testcase classname="com.crm.genericutility.BaseClass" name="@BeforeSuite reportConfig" time="0.0">
    <ignored/>
  </testcase> <!-- @BeforeSuite reportConfig -->
  <testcase classname="com.crm.genericutility.BaseClass" name="@AfterSuite reportBackUp" time="0.0">
    <ignored/>
  </testcase> <!-- @AfterSuite reportBackUp -->
  <testcase classname="com.crm.genericutility.BaseClass" name="@BeforeSuite reportConfig" time="0.0">
    <ignored/>
  </testcase> <!-- @BeforeSuite reportConfig -->
  <testcase classname="com.crm.genericutility.BaseClass" name="@AfterSuite reportBackUp" time="0.0">
    <ignored/>
  </testcase> <!-- @AfterSuite reportBackUp -->
</testsuite> <!-- Test -->
