<?xml version="1.0" encoding="UTF-8"?>
<!-- Generated by org.testng.reporters.JUnitXMLReporter -->
<testsuite ignored="16" hostname="Kishan" failures="0" tests="9" name="Test" time="240.684" errors="0" timestamp="2024-11-28T00:42:36 IST">
  <testcase classname="com.crm.contacts.TC_Contacts_03_Test" name="createNewContactWithNumericData" time="17.359"/>
  <testcase classname="com.crm.organisation.TC_Organizations_01_Test" name="createOrganization" time="17.849"/>
  <testcase classname="com.crm.organisation.TC_Organizations_02_Test" name="createNewOrganizationWithDropDown" time="18.606"/>
  <testcase classname="com.crm.contacts.TC_Contacts_02_Test" name="createNewAccountWithStringDetails" time="19.264"/>
  <testcase classname="com.crm.contacts.TC_Contacts_01_Test" name="createContact" time="17.777"/>
  <testcase classname="com.crm.contacts.TC_Contacts_05_Test" name="createNewContactWithDropDown" time="18.037"/>
  <testcase classname="com.crm.organisation.ClickOnOrganizationLinkTest" name="clickOnOrganizationLink" time="6.613"/>
  <testcase classname="com.crm.contacts.TC_Contacts_04_Test" name="handleChildWindow" time="19.605"/>
  <testcase classname="com.crm.contacts.ClickOnContactLinkTest" name="clickonLink" time="8.371"/>
  <testcase classname="com.crm.genericutility.BaseClass" name="@AfterSuite reportBackUp" time="0.0">
    <ignored/>
  </testcase> <!-- @AfterSuite reportBackUp -->
  <testcase classname="com.crm.genericutility.BaseClass" name="@BeforeSuite reportConfig" time="0.0">
    <ignored/>
  </testcase> <!-- @BeforeSuite reportConfig -->
  <testcase classname="com.crm.genericutility.BaseClass" name="@BeforeSuite reportConfig" time="0.0">
    <ignored/>
  </testcase> <!-- @BeforeSuite reportConfig -->
  <testcase classname="com.crm.genericutility.BaseClass" name="@BeforeSuite reportConfig" time="0.0">
    <ignored/>
  </testcase> <!-- @BeforeSuite reportConfig -->
  <testcase classname="com.crm.genericutility.BaseClass" name="@AfterSuite reportBackUp" time="0.0">
    <ignored/>
  </testcase> <!-- @AfterSuite reportBackUp -->
  <testcase classname="com.crm.genericutility.BaseClass" name="@AfterSuite reportBackUp" time="0.0">
    <ignored/>
  </testcase> <!-- @AfterSuite reportBackUp -->
  <testcase classname="com.crm.genericutility.BaseClass" name="@AfterSuite reportBackUp" time="0.0">
    <ignored/>
  </testcase> <!-- @AfterSuite reportBackUp -->
  <testcase classname="com.crm.genericutility.BaseClass" name="@AfterSuite reportBackUp" time="0.0">
    <ignored/>
  </testcase> <!-- @AfterSuite reportBackUp -->
  <testcase classname="com.crm.genericutility.BaseClass" name="@BeforeSuite reportConfig" time="0.0">
    <ignored/>
  </testcase> <!-- @BeforeSuite reportConfig -->
  <testcase classname="com.crm.genericutility.BaseClass" name="@BeforeSuite reportConfig" time="0.0">
    <ignored/>
  </testcase> <!-- @BeforeSuite reportConfig -->
  <testcase classname="com.crm.genericutility.BaseClass" name="@AfterSuite reportBackUp" time="0.0">
    <ignored/>
  </testcase> <!-- @AfterSuite reportBackUp -->
  <testcase classname="com.crm.genericutility.BaseClass" name="@AfterSuite reportBackUp" time="0.0">
    <ignored/>
  </testcase> <!-- @AfterSuite reportBackUp -->
  <testcase classname="com.crm.genericutility.BaseClass" name="@BeforeSuite reportConfig" time="0.0">
    <ignored/>
  </testcase> <!-- @BeforeSuite reportConfig -->
  <testcase classname="com.crm.genericutility.BaseClass" name="@AfterSuite reportBackUp" time="0.0">
    <ignored/>
  </testcase> <!-- @AfterSuite reportBackUp -->
  <testcase classname="com.crm.genericutility.BaseClass" name="@BeforeSuite reportConfig" time="0.0">
    <ignored/>
  </testcase> <!-- @BeforeSuite reportConfig -->
  <testcase classname="com.crm.genericutility.BaseClass" name="@BeforeSuite reportConfig" time="0.0">
    <ignored/>
  </testcase> <!-- @BeforeSuite reportConfig -->
</testsuite> <!-- Test -->
